<?xml version="1.0" encoding="UTF-8"?>
<!-- Generated by org.testng.reporters.JUnitReportReporter -->
<testsuite hostname="Sonia" name="QA.getAPITest" tests="1" failures="0" timestamp="3 Dec 2019 05:03:56 GMT" time="2.669" errors="0">
  <testcase name="validateGet" time="2.669" classname="QA.getAPITest"/>
</testsuite> <!-- QA.getAPITest -->
